C:\Users\cs843\Documents\PhD\2023\Proposal\Generators tried\moflow\mflow\train_model.py:7: DeprecationWarning: The distutils package is deprecated and slated for removal in Python 3.12. Use setuptools or check PEP 632 for potential alternatives
  from distutils.util import strtobool
Start at Time: Tue Apr 25 13:32:25 2023
usage: train_model.py [-h] [-i DATA_DIR]
                      [--data_name {qm9,zinc250k,ames,bbb_martins,cyp1a2_veith,cyp2c19_veith,herg_karim,lipophilicity_astrazeneca}]
                      [-o SAVE_DIR] [-t SAVE_INTERVAL] [-r LOAD_PARAMS]
                      [--load_snapshot LOAD_SNAPSHOT] [-l LEARNING_RATE]
                      [-e LR_DECAY] [-x MAX_EPOCHS] [-g GPU]
                      [--save_epochs SAVE_EPOCHS] [-b BATCH_SIZE]
                      [--shuffle SHUFFLE] [--num_workers NUM_WORKERS]
                      [--b_n_flow B_N_FLOW] [--b_n_block B_N_BLOCK]
                      [--b_hidden_ch B_HIDDEN_CH] [--b_conv_lu {0,1,2}]
                      [--a_n_flow A_N_FLOW] [--a_n_block A_N_BLOCK]
                      [--a_hidden_gnn A_HIDDEN_GNN]
                      [--a_hidden_lin A_HIDDEN_LIN]
                      [--mask_row_size_list MASK_ROW_SIZE_LIST]
                      [--mask_row_stride_list MASK_ROW_STRIDE_LIST] [-s SEED]
                      [--debug DEBUG] [--learn_dist LEARN_DIST]
                      [--noise_scale NOISE_SCALE]
train_model.py: error: argument --data_name: invalid choice: 'ames_train1_pos' (choose from 'qm9', 'zinc250k', 'ames', 'bbb_martins', 'cyp1a2_veith', 'cyp2c19_veith', 'herg_karim', 'lipophilicity_astrazeneca')
